[15:40:12] NexOS booting. RAM:2048MB HDD:262144MB Cores:8
[15:40:16] Launched 'Clock' (PID:45164).
[15:40:18] Process 'Clock' (PID:45164) exited.
[15:40:31] NexOS shutting down. Terminating all processes.
[15:40:59] NexOS booting. RAM:2048MB HDD:262144MB Cores:8
[15:41:03] Launched 'Clock' (PID:45282).
[15:41:05] Process 'Clock' (PID:45282) exited.
[15:42:34] NexOS shutting down. Terminating all processes.
[23:47:58] NexOS booting. RAM:2048MB HDD:262144MB Cores:8
[23:48:03] Launched 'Clock' (PID:63639).
[23:48:04] Process 'Clock' (PID:63639) exited.
[23:48:32] NexOS shutting down. Terminating all processes.
[03:09:14] NexOS booting. RAM:2048MB HDD:262144MB Cores:8
[03:09:18] Launched 'Clock' (PID:76799).
[03:09:19] Process 'Clock' (PID:76799) exited.
[03:10:08] NexOS shutting down. Terminating all processes.
[03:13:31] NexOS booting. RAM:2048MB HDD:262144MB Cores:8
[03:13:35] Launched 'Clock' (PID:77265).
[03:13:36] Process 'Clock' (PID:77265) exited.
[03:30:05] NexOS shutting down. Terminating all processes.
[03:30:15] NexOS booting. RAM:2048MB HDD:262144MB Cores:8
[03:30:19] Launched 'Clock' PID:78780
[03:30:20] PID:78780 exited
[03:31:26] NexOS shutting down
[03:31:41] NexOS booting. RAM:2048MB HDD:262144MB Cores:8
[03:31:46] Launched 'Clock' PID:78909
[03:31:47] PID:78909 exited
[03:31:51] NexOS shutting down
[03:31:58] NexOS booting. RAM:2048MB HDD:262144MB Cores:8
[03:32:02] Launched 'Clock' PID:78988
[03:32:03] PID:78988 exited
[03:34:04] NexOS shutting down
[03:34:08] NexOS booting. RAM:2048MB HDD:262144MB Cores:8
[03:34:12] Launched 'Clock' PID:79225
[03:34:12] NexOS shutting down
[03:34:17] NexOS booting. RAM:2048MB HDD:262144MB Cores:8
[03:34:22] Launched 'Clock' PID:79288
[03:34:23] PID:79288 exited
[03:34:44] NexOS shutting down
[03:37:44] NexOS booting. RAM:2048MB HDD:262144MB Cores:8
[03:37:49] Launched 'Clock' PID:80209
[03:37:50] PID:80209 exited
[03:38:17] NexOS shutting down
[03:40:12] NexOS booting. RAM:2048MB HDD:262144MB Cores:8
[03:40:16] Launched 'Clock' PID:80396
[03:40:17] PID:80396 exited
[03:40:22] NexOS shutting down
[03:53:32] NexOS booting. RAM:2048MB HDD:262144MB Cores:8
[03:53:36] Launched 'Clock' PID:87718
[03:53:37] PID:87718 exited
[03:54:02] NexOS shutting down
[03:57:00] NexOS booting. RAM:2048MB HDD:262144MB Cores:8
[03:57:04] Launched 'Clock' PID:88597
[03:57:05] PID:88597 exited
[03:58:56] NexOS shutting down
[03:59:04] NexOS booting. RAM:2048MB HDD:262144MB Cores:8
[03:59:08] Launched 'Clock' PID:88883
[03:59:09] PID:88883 exited
[04:00:06] NexOS shutting down
[04:00:12] NexOS booting. RAM:2048MB HDD:262144MB Cores:8
[04:00:17] Launched 'Clock' PID:89063
[04:00:18] PID:89063 exited
[04:03:16] NexOS shutting down
[04:03:22] NexOS booting. RAM:2048MB HDD:262144MB Cores:8
[04:03:26] Launched 'Clock' PID:89536
[04:03:28] PID:89536 exited
[04:04:18] NexOS shutting down
[04:04:25] NexOS booting. RAM:2048MB HDD:262144MB Cores:8
[04:04:30] Launched 'Clock' PID:89700
[04:04:31] PID:89700 exited
[04:04:43] Launched 'Kernel Monitor' PID:89742
[04:04:44] PID:89742 exited
[04:16:38] NexOS shutting down
[04:25:35] NexOS booting. RAM:4096MB HDD:262144MB Cores:8
[04:25:40] Launched 'Clock' PID:92278
[04:25:41] PID:92278 exited
[04:26:12] Kernel mode unlocked
[04:26:52] Kernel locked
[04:27:15] NexOS shutting down
[04:27:54] NexOS booting. RAM:2048MB HDD:262144MB Cores:8
[04:27:59] Launched 'Clock' PID:92780
[04:28:00] PID:92780 exited
[04:28:09] NexOS shutting down
[04:28:44] NexOS booting. RAM:4096MB HDD:262144MB Cores:8
[04:28:49] Launched 'Clock' PID:93071
[04:28:50] PID:93071 exited
[04:30:01] NexOS shutting down
[04:30:40] NexOS booting. RAM:4096MB HDD:262144MB Cores:8
[04:30:44] Launched 'Clock' PID:93744
[04:30:45] PID:93744 exited
[04:30:57] Launched 'Tetris' PID:93923
[04:30:58] PID:93923 exited
[04:31:12] Kernel mode unlocked
[04:31:16] Kernel locked
[04:32:10] NexOS shutting down
[04:32:55] NexOS booting. RAM:4096MB HDD:262144MB Cores:8
[04:32:59] Launched 'Clock' PID:94695
[04:33:00] PID:94695 exited
[04:33:24] Kernel mode unlocked
[04:33:27] Kernel locked
[04:33:32] NexOS shutting down
[04:46:18] NexOS booting. RAM:2048MB HDD:4096MB Cores:4
[04:46:22] Launched 'Clock' PID:96679
[04:46:23] PID:96679 exited
[04:46:31] NexOS shutting down
[04:47:35] NexOS booting. RAM:2048MB HDD:262144MB Cores:8
[04:47:39] Launched 'Clock' PID:96880
[04:47:40] PID:96880 exited
[04:48:25] Launched 'Chat' PID:96945
[04:48:27] PID:96945 exited
[04:48:33] NexOS shutting down
[04:50:09] NexOS booting. RAM:2048MB HDD:262144MB Cores:8
[04:50:13] Launched 'Clock' PID:97135
[04:50:15] PID:97135 exited
[04:51:29] NexOS shutting down
[04:56:35] NexOS booting. RAM:2048MB HDD:262144MB Cores:8
[04:56:39] Launched 'Clock' PID:98070
[04:56:41] PID:98070 exited
[04:56:51] NexOS shutting down
[23:55:50] NexOS booting. RAM:2048MB HDD:262144MB Cores:8
[23:55:54] Launched 'Clock' PID:14376
[23:55:56] PID:14376 exited
[23:56:39] NexOS shutting down
[23:56:50] NexOS booting. RAM:2048MB HDD:262144MB Cores:8
[23:56:54] Launched 'Clock' PID:14556
[23:56:56] PID:14556 exited
[00:04:07] NexOS shutting down
[00:05:06] NexOS booting. RAM:2048MB HDD:262144MB Cores:8
[00:05:11] Launched 'Clock' PID:15148
[00:05:12] PID:15148 exited
[00:05:22] NexOS shutting down
[00:05:50] NexOS booting. RAM:2048MB HDD:262144MB Cores:8
[00:05:55] Launched 'Clock' PID:15268
[00:05:56] PID:15268 exited
[00:06:08] Launched 'Notepad' PID:15298
[00:06:08] 'Notepad' (PID:15298) granted RAM:50MB HDD:10MB
[00:08:12] Kernel mode unlocked
[00:08:56] Killed PID:15298
[00:08:56] PID:15298 exited
[00:08:58] Killed PID:15298
[00:08:59] Killed PID:15298
[00:08:59] Killed PID:15298
[00:08:59] Killed PID:15298
[00:09:22] Launched 'Notepad' PID:15462
[00:09:22] 'Notepad' (PID:15462) granted RAM:50MB HDD:10MB
[00:19:50] PID:15462 exited
[00:19:58] NexOS shutting down
[00:32:50] NexOS booting. RAM:2048MB HDD:262144MB Cores:8
[00:32:54] Launched 'Clock' PID:16319
[00:32:56] PID:16319 exited
[00:33:01] Launched 'Notepad' PID:16361
[00:33:01] 'Notepad' (PID:16361) granted RAM:50MB HDD:10MB
[00:35:10] PID:16361 exited
[00:35:22] Launched 'Notepad' PID:16487
[00:35:22] 'Notepad' (PID:16487) granted RAM:50MB HDD:10MB
[00:36:59] PID:16487 exited
[00:43:37] NexOS shutting down
[00:54:52] NexOS booting. RAM:2048MB HDD:262144MB Cores:8
[00:54:56] Launched 'Clock' PID:17327
[00:54:58] PID:17327 exited
[00:55:13] Launched 'Notepad' PID:17361
[00:55:13] 'Notepad' (PID:17361) granted RAM:50MB HDD:10MB
[00:56:43] PID:17361 exited
[00:57:04] NexOS shutting down
[01:00:41] NexOS booting. RAM:2048MB HDD:262144MB Cores:8
[01:00:46] Launched 'Clock' PID:17701
[01:00:47] PID:17701 exited
[01:00:50] Launched 'Notepad' PID:17722
[01:00:50] 'Notepad' (PID:17722) granted RAM:50MB HDD:10MB
[01:02:12] PID:17722 exited
[01:02:13] NexOS shutting down
[01:03:18] NexOS booting. RAM:2048MB HDD:262144MB Cores:8
[01:03:22] Launched 'Clock' PID:17948
[01:03:24] PID:17948 exited
[01:03:29] Launched 'Notepad' PID:17985
[01:03:29] 'Notepad' (PID:17985) granted RAM:50MB HDD:10MB
[01:03:53] PID:17985 exited
[01:04:26] Launched 'Notepad' PID:18058
[01:04:26] 'Notepad' (PID:18058) granted RAM:50MB HDD:10MB
[01:08:44] NexOS shutting down
[01:09:16] NexOS booting. RAM:2048MB HDD:262144MB Cores:8
[01:09:20] Launched 'Clock' PID:18404
[01:09:22] PID:18404 exited
[01:09:24] Launched 'Notepad' PID:18423
[01:09:24] 'Notepad' (PID:18423) granted RAM:50MB HDD:10MB
[01:10:02] PID:18423 exited
[01:12:12] NexOS booting. RAM:2048MB HDD:262144MB Cores:8
[01:12:16] Launched 'Clock' PID:18708
[01:12:18] PID:18708 exited
[01:12:24] Launched 'Notepad' PID:18734
[01:12:24] 'Notepad' (PID:18734) granted RAM:50MB HDD:10MB
[01:12:33] NexOS shutting down
[01:13:43] NexOS shutting down
[01:13:52] NexOS booting. RAM:2048MB HDD:262144MB Cores:8
[01:13:56] Launched 'Clock' PID:18918
[01:13:58] PID:18918 exited
[01:13:59] Launched 'Notepad' PID:18927
[01:13:59] 'Notepad' (PID:18927) granted RAM:50MB HDD:10MB
[01:14:22] PID:18927 exited
[01:14:27] NexOS shutting down
[09:07:50] NexOS booting. RAM:2048MB HDD:262144MB Cores:8
[09:07:54] Launched 'Clock' PID:5197
[09:07:56] PID:5197 exited
[09:08:03] Launched 'Notepad' PID:5228
[09:08:03] 'Notepad' (PID:5228) granted RAM:50MB
[09:24:15] NexOS shutting down
[09:24:27] NexOS booting. RAM:2048MB HDD:262144MB Cores:8
[09:24:32] Launched 'Clock' PID:6547
[09:24:33] PID:6547 exited
[09:24:39] Launched 'Notepad' PID:6572
[09:24:39] 'Notepad' (PID:6572) granted RAM:50MB
[09:32:21] NexOS shutting down
[09:35:35] NexOS booting. RAM:2048MB HDD:262144MB Cores:8
[09:35:40] Launched 'Clock' PID:7716
[09:35:42] PID:7716 exited
[09:35:44] Launched 'Notepad' PID:7742
[09:35:44] 'Notepad' (PID:7742) granted RAM:50MB
[09:39:39] PID:7742 exited
[09:39:42] NexOS shutting down
[09:39:59] NexOS booting. RAM:2048MB HDD:262144MB Cores:8
[09:40:04] Launched 'Clock' PID:7934
[09:40:05] PID:7934 exited
[09:40:08] Launched 'Notepad' PID:7961
[09:40:08] 'Notepad' (PID:7961) granted RAM:50MB
[09:43:33] PID:7961 exited
[09:43:45] NexOS shutting down
[09:51:38] NexOS booting. RAM:2048MB HDD:262144MB Cores:8
[09:51:42] Launched 'Clock' PID:8971
[09:51:44] PID:8971 exited
[09:51:49] Launched 'Notepad' PID:9001
[09:51:49] 'Notepad' (PID:9001) granted RAM:50MB
[09:52:19] PID:9001 exited
[09:52:21] NexOS shutting down
[10:06:07] NexOS booting. RAM:2048MB HDD:262144MB Cores:8
[10:06:11] Launched 'Clock' PID:9786
[10:06:11] NexOS shutting down
[10:06:25] NexOS booting. RAM:2048MB HDD:262144MB Cores:8
[10:06:30] Launched 'Clock' PID:9886
[10:06:31] PID:9886 exited
[10:06:33] Launched 'Notepad' PID:9907
[10:06:33] 'Notepad' (PID:9907) granted RAM:50MB
[10:07:39] PID:9907 exited
[10:07:45] NexOS shutting down
[10:10:42] NexOS booting. RAM:2048MB HDD:262144MB Cores:8
[10:10:47] Launched 'Clock' PID:10111
[10:10:49] PID:10111 exited
[10:10:52] Launched 'Notepad' PID:10139
[10:10:52] 'Notepad' (PID:10139) granted RAM:50MB
[10:12:30] PID:10139 exited
[10:12:35] NexOS shutting down
[10:20:31] NexOS booting. RAM:2048MB HDD:262144MB Cores:8
[10:20:36] Launched 'Clock' PID:10551
[10:20:37] PID:10551 exited
[10:20:39] Launched 'Notepad' PID:10578
[10:20:39] 'Notepad' (PID:10578) granted RAM:50MB
[11:09:07] NexOS booting. RAM:2048MB HDD:262144MB Cores:8
[11:09:12] Launched 'Clock' PID:3865
[11:09:13] PID:3865 exited
[11:12:35] Kernel unlocked
[11:12:42] Kernel locked
[11:12:48] Launched 'Notepad' PID:5126
[11:12:48] 'Notepad' (PID:5126) granted RAM:50MB
[11:14:10] Kernel unlocked
[11:14:18] Killed PID:5126
[11:14:18] PID:5126 exited
[11:15:01] NexOS shutting down
[13:42:48] NexOS booting. RAM:2048MB HDD:262144MB Cores:8
[13:42:53] Launched 'Clock' PID:6832
[13:42:55] PID:6832 exited
[13:43:02] NexOS shutting down
[14:00:10] NexOS booting. RAM:4096MB HDD:262144MB Cores:4
[14:00:14] Launched 'Clock' PID:7291
[14:00:16] PID:7291 exited
[14:00:57] Launched 'Notepad' PID:7322
[14:00:58] 'Notepad' (PID:7322) granted RAM:50MB HDD:10MB
[14:09:07] Kernel mode unlocked
[14:09:23] Killed PID:7322
[14:09:24] PID:7322 exited
[14:09:41] Kernel locked
[14:09:45] Kernel mode unlocked
[14:13:38] Launched 'Notepad' PID:7524
[14:13:38] 'Notepad' (PID:7524) granted RAM:50MB HDD:10MB
[14:18:51] PID:7524 exited
[14:19:44] NexOS shutting down
[13:07:13] NexOS booting. RAM:2048MB HDD:262144MB Cores:8
[13:07:18] Launched 'Clock' PID:11816
[13:07:19] PID:11816 exited
[13:07:20] Launched 'Notepad' PID:11830
[13:07:20] 'Notepad' (PID:11830) granted RAM:50MB HDD:10MB
[13:08:02] PID:11830 exited
[13:09:16] NexOS shutting down
[13:09:29] NexOS booting. RAM:2048MB HDD:262144MB Cores:8
[13:09:34] Launched 'Clock' PID:12121
[13:09:35] PID:12121 exited
[13:09:36] Launched 'Notepad' PID:12142
[13:09:36] 'Notepad' (PID:12142) granted RAM:50MB HDD:10MB
[13:10:56] PID:12142 exited
[13:13:35] Launched 'Notepad' PID:12358
[13:13:35] 'Notepad' (PID:12358) granted RAM:50MB HDD:10MB
[13:13:58] PID:12358 exited
[13:15:00] NexOS shutting down
[13:15:31] NexOS booting. RAM:2048MB HDD:262144MB Cores:8
[13:15:36] Launched 'Clock' PID:12696
[13:15:37] PID:12696 exited
[13:15:38] Launched 'Notepad' PID:12710
[13:15:38] 'Notepad' (PID:12710) granted RAM:50MB HDD:10MB
[13:17:09] PID:12710 exited
[13:17:14] NexOS shutting down
[13:21:15] NexOS booting. RAM:2048MB HDD:262144MB Cores:8
[13:21:20] Launched 'Clock' PID:13175
[13:21:21] PID:13175 exited
[13:21:22] Launched 'Notepad' PID:13184
[13:21:22] 'Notepad' (PID:13184) granted RAM:50MB HDD:10MB
[13:21:45] PID:13184 exited
[13:21:50] Launched 'Notepad' PID:13313
[13:21:50] 'Notepad' (PID:13313) granted RAM:50MB HDD:10MB
[13:30:02] NexOS shutting down
[13:30:43] NexOS booting. RAM:2048MB HDD:262144MB Cores:8
[13:30:47] Launched 'Clock' PID:13936
[13:30:49] PID:13936 exited
[15:19:50] NexOS shutting down
[15:53:42] NexOS booting. RAM:2048MB HDD:262144MB Cores:8
[15:53:47] Launched 'Clock' PID:18184
[15:53:48] PID:18184 exited
[15:53:49] Launched 'Notepad' PID:18203
[15:53:49] 'Notepad' (PID:18203) granted RAM:50MB HDD:10MB
[16:06:19] Kernel mode unlocked
[16:09:38] NexOS shutting down
[13:50:18] NexOS booting. RAM:2048MB HDD:262144MB Cores:8
[13:50:23] Launched 'Clock' PID:3931
[13:50:25] PID:3931 exited
[13:50:26] Launched 'Notepad' PID:3955
[13:50:26] 'Notepad' (PID:3955) granted RAM:50MB HDD:10MB
[13:51:25] Launched 'Notepad' PID:3992
[13:51:25] 'Notepad' (PID:3992) granted RAM:50MB HDD:10MB
[13:51:53] Launched 'Notepad' PID:4042
[13:51:53] 'Notepad' (PID:4042) granted RAM:50MB HDD:10MB
[13:55:17] NexOS booting. RAM:2048MB HDD:262144MB Cores:8
[13:55:22] Launched 'Clock' PID:3870
[13:55:23] PID:3870 exited
[13:56:43] Launched 'Notepad' PID:5158
[13:56:43] 'Notepad' (PID:5158) granted RAM:50MB HDD:10MB
[13:56:45] Launched 'Notepad' PID:5182
[13:56:45] 'Notepad' (PID:5182) granted RAM:50MB HDD:10MB
[13:56:46] Launched 'Notepad' PID:5188
[13:56:46] 'Notepad' (PID:5188) granted RAM:50MB HDD:10MB
[13:56:47] Launched 'Notepad' PID:5194
[13:56:47] 'Notepad' (PID:5194) granted RAM:50MB HDD:10MB
[13:56:48] Launched 'Notepad' PID:5200
[13:56:48] 'Notepad' (PID:5200) granted RAM:50MB HDD:10MB
[13:56:48] Launched 'Notepad' PID:5205
[13:56:48] 'Notepad' (PID:5205) granted RAM:50MB HDD:10MB
[13:56:49] Launched 'Notepad' PID:5211
[13:56:49] 'Notepad' (PID:5211) granted RAM:50MB HDD:10MB
[13:56:49] Launched 'Notepad' PID:5231
[13:56:49] 'Notepad' (PID:5231) granted RAM:50MB HDD:10MB
[13:56:50] Launched 'Notepad' PID:5246
[13:56:50] 'Notepad' (PID:5246) granted RAM:50MB HDD:10MB
[13:56:51] Launched 'Notepad' PID:5274
[13:56:51] 'Notepad' (PID:5274) granted RAM:50MB HDD:10MB
[13:56:51] Launched 'Notepad' PID:5280
[13:56:51] 'Notepad' (PID:5280) granted RAM:50MB HDD:10MB
[13:56:52] Launched 'Notepad' PID:5285
[13:56:52] 'Notepad' (PID:5285) granted RAM:50MB HDD:10MB
[13:56:52] Launched 'Notepad' PID:5287
[13:56:52] 'Notepad' (PID:5287) granted RAM:50MB HDD:10MB
[13:56:53] Launched 'Notepad' PID:5295
[13:56:53] 'Notepad' (PID:5295) granted RAM:50MB HDD:10MB
[13:56:53] Launched 'Notepad' PID:5302
[13:56:53] 'Notepad' (PID:5302) granted RAM:50MB HDD:10MB
[13:56:53] Launched 'Notepad' PID:5309
[13:56:53] 'Notepad' (PID:5309) granted RAM:50MB HDD:10MB
[13:56:54] Launched 'Notepad' PID:5316
[13:56:54] 'Notepad' (PID:5316) granted RAM:50MB HDD:10MB
[13:56:54] Launched 'Notepad' PID:5336
[13:56:54] 'Notepad' (PID:5336) granted RAM:50MB HDD:10MB
[13:56:55] Launched 'Notepad' PID:5353
[13:56:55] 'Notepad' (PID:5353) granted RAM:50MB HDD:10MB
[13:56:55] Launched 'Notepad' PID:5359
[13:56:55] 'Notepad' (PID:5359) granted RAM:50MB HDD:10MB
[13:56:55] Launched 'Notepad' PID:5377
[13:56:55] 'Notepad' (PID:5377) granted RAM:50MB HDD:10MB
[13:56:56] Launched 'Notepad' PID:5410
[13:56:56] 'Notepad' (PID:5410) granted RAM:50MB HDD:10MB
[13:56:56] Launched 'Notepad' PID:5414
[13:56:56] 'Notepad' (PID:5414) granted RAM:50MB HDD:10MB
[13:56:57] Launched 'Notepad' PID:5422
[13:56:57] 'Notepad' (PID:5422) granted RAM:50MB HDD:10MB
[13:56:57] Launched 'Notepad' PID:5426
[13:56:57] 'Notepad' (PID:5426) granted RAM:50MB HDD:10MB
[13:56:58] Launched 'Notepad' PID:5435
[13:56:58] 'Notepad' (PID:5435) granted RAM:50MB HDD:10MB
[13:56:58] Launched 'Notepad' PID:5441
[13:56:58] 'Notepad' (PID:5441) granted RAM:50MB HDD:10MB
[13:56:59] Launched 'Notepad' PID:5443
[13:56:59] 'Notepad' (PID:5443) granted RAM:50MB HDD:10MB
[13:56:59] Launched 'Notepad' PID:5452
[13:56:59] 'Notepad' (PID:5452) granted RAM:50MB HDD:10MB
[13:56:59] Launched 'Notepad' PID:5469
[13:56:59] 'Notepad' (PID:5469) granted RAM:50MB HDD:10MB
[13:57:00] Launched 'Notepad' PID:5495
[13:57:00] 'Notepad' (PID:5495) granted RAM:50MB HDD:10MB
[13:57:01] Launched 'Notepad' PID:5506
[13:57:01] 'Notepad' (PID:5506) granted RAM:50MB HDD:10MB
[13:57:01] Launched 'Notepad' PID:5572
[13:57:01] 'Notepad' (PID:5572) granted RAM:50MB HDD:10MB
[13:57:02] Aging PID:5246 prio->1
[13:57:02] Aging PID:5274 prio->1
[13:57:02] Aging PID:5280 prio->1
[13:57:07] Aging PID:5285 prio->1
[13:57:07] Aging PID:5287 prio->1
[13:57:07] Aging PID:5295 prio->1
[13:57:07] Aging PID:5302 prio->1
[13:57:07] Aging PID:5309 prio->1
[13:57:07] Aging PID:5316 prio->1
[13:57:07] Aging PID:5336 prio->1
[13:57:07] Aging PID:5353 prio->1
[13:57:07] Aging PID:5359 prio->1
[13:57:07] Aging PID:5377 prio->1
[13:57:07] Aging PID:5410 prio->1
[13:57:07] Aging PID:5414 prio->1
[13:57:12] Aging PID:5422 prio->1
[13:57:12] Aging PID:5426 prio->1
[13:57:12] Aging PID:5435 prio->1
[13:57:12] Aging PID:5441 prio->1
[13:57:12] Aging PID:5443 prio->1
[13:57:12] Aging PID:5452 prio->1
[13:57:12] Aging PID:5469 prio->1
[13:57:12] Aging PID:5495 prio->1
[13:57:12] Aging PID:5506 prio->1
[13:58:17] PID:5158 exited
[13:58:22] PID:5182 exited
[13:58:24] PID:5188 exited
[13:58:25] PID:5194 exited
[13:58:27] PID:5200 exited
[13:58:28] PID:5205 exited
[13:58:30] PID:5211 exited
[13:58:31] PID:5295 exited
[13:58:33] PID:5287 exited
[13:58:36] PID:5285 exited
[13:58:38] PID:5280 exited
[13:58:40] PID:5274 exited
[13:58:42] PID:5246 exited
[13:58:44] PID:5231 exited
[13:58:58] Kernel mode unlocked
[13:59:37] NexOS shutting down
[14:26:00] NexOS booting. RAM:2048MB HDD:262144MB Cores:8
[14:26:04] Launched 'Clock' PID:8502
[14:26:04] PID:8502 exited
[14:26:07] Launched 'Notepad' PID:8518
[14:26:07] 'Notepad' (PID:8518) granted RAM:50MB HDD:10MB
[14:26:09] Launched 'Notepad' PID:8524
[14:26:09] 'Notepad' (PID:8524) granted RAM:50MB HDD:10MB
[14:26:18] Launched 'Notepad' PID:8551
[14:26:18] 'Notepad' (PID:8551) granted RAM:50MB HDD:10MB
[14:26:19] Launched 'Notepad' PID:8557
[14:26:19] 'Notepad' (PID:8557) granted RAM:50MB HDD:10MB
[14:26:21] Launched 'Clock' PID:8591
[14:26:21] PID:8591 exited
[14:26:22] Launched 'Clock' PID:8592
[14:26:22] PID:8592 exited
[14:26:23] Launched 'Clock' PID:8593
[14:26:23] PID:8593 exited
[14:26:23] Launched 'Clock' PID:8594
[14:26:23] PID:8594 exited
[14:26:24] Launched 'Clock' PID:8595
[14:26:24] PID:8595 exited
[14:26:30] NexOS shutting down
[14:35:06] NexOS booting. RAM:2048MB HDD:262144MB Cores:8
[14:35:10] Launched 'Clock' PID:9824
[14:35:10] PID:9824 exited
[14:37:07] Launched 'Notepad' PID:10005
[14:37:07] 'Notepad' (PID:10005) granted RAM:50MB HDD:10MB
[14:37:08] Launched 'Clock' PID:10022
[14:37:08] PID:10022 exited
[14:37:10] Launched 'Clock' PID:10030
[14:37:10] PID:10030 exited
[14:37:10] Launched 'Clock' PID:10031
[14:37:10] PID:10031 exited
[14:37:10] Launched 'Clock' PID:10032
[14:37:10] PID:10032 exited
[14:37:10] Launched 'Clock' PID:10033
[14:37:10] PID:10033 exited
[14:40:19] NexOS booting. RAM:2048MB HDD:262144MB Cores:8
[14:40:23] Launched 'Clock' PID:10174
[14:40:23] PID:10174 exited
[14:40:25] Launched 'Notepad' PID:10181
[14:40:25] 'Notepad' (PID:10181) granted RAM:50MB HDD:10MB
[14:40:30] Launched 'Clock' PID:10198
[14:40:30] PID:10198 exited
[14:40:30] Launched 'Clock' PID:10199
[14:40:30] PID:10199 exited
[14:40:31] Launched 'Clock' PID:10211
[14:40:31] PID:10211 exited
[14:40:31] Launched 'Clock' PID:10212
[14:40:31] PID:10212 exited
[14:40:31] Launched 'Clock' PID:10213
[14:40:31] PID:10213 exited
[14:40:32] Launched 'Clock' PID:10221
[14:40:32] PID:10221 exited
[14:40:32] Launched 'Clock' PID:10222
[14:40:32] PID:10222 exited
[14:40:32] Launched 'Clock' PID:10223
[14:40:32] PID:10223 exited
[14:40:36] Launched 'Notepad' PID:10235
[14:40:36] 'Notepad' (PID:10235) granted RAM:50MB HDD:10MB
[14:43:57] PID:10005 exited
[14:43:59] PID:10235 exited
[14:44:00] PID:10181 exited
[14:44:01] NexOS shutting down
[14:44:06] Launched 'Clock' PID:10414
[14:44:06] PID:10414 exited
[14:44:07] Launched 'Clock' PID:10415
[14:44:07] PID:10415 exited
[14:44:07] Launched 'Clock' PID:10416
[14:44:07] PID:10416 exited
[14:44:07] Launched 'Clock' PID:10417
[14:44:07] PID:10417 exited
[14:44:08] Launched 'Clock' PID:10418
[14:44:08] PID:10418 exited
[14:44:08] Launched 'Clock' PID:10428
[14:44:09] PID:10428 exited
[14:44:09] Launched 'Clock' PID:10429
[14:44:09] PID:10429 exited
[14:48:30] NexOS booting. RAM:2048MB HDD:262144MB Cores:8
[14:48:35] Launched 'Clock' PID:10651
[14:48:35] Launched 'Notepad' PID:10652
[14:48:35] PID:10651 exited
[14:48:35] 'Notepad' (PID:10652) granted RAM:50MB HDD:10MB
[14:48:39] Launched 'Clock' PID:10674
[14:48:39] PID:10674 exited
[14:48:40] Launched 'Clock' PID:10682
[14:48:40] PID:10682 exited
[14:48:40] Launched 'Clock' PID:10683
[14:48:40] PID:10683 exited
[14:48:41] Launched 'Clock' PID:10684
[14:48:41] PID:10684 exited
[14:48:41] Launched 'Clock' PID:10685
[14:48:41] PID:10685 exited
[14:48:41] Launched 'Clock' PID:10686
[14:48:41] PID:10686 exited
[14:48:42] Launched 'Clock' PID:10687
[14:48:42] PID:10687 exited
[14:48:42] Launched 'Clock' PID:10688
[14:48:42] PID:10688 exited
[14:48:42] Launched 'Clock' PID:10689
[14:48:42] PID:10689 exited
[14:48:43] Launched 'Clock' PID:10690
[14:48:43] PID:10690 exited
[14:48:43] Launched 'Clock' PID:10691
[14:48:43] PID:10691 exited
[14:48:43] Launched 'Clock' PID:10692
[14:48:43] PID:10692 exited
[14:48:44] Launched 'Clock' PID:10704
[14:48:44] PID:10704 exited
[14:48:44] Launched 'Clock' PID:10705
[14:48:44] PID:10705 exited
[14:48:45] Launched 'Clock' PID:10706
[14:48:45] PID:10706 exited
[14:48:51] Launched 'Clock' PID:10732
[14:48:51] PID:10732 exited
[20:17:45] NexOS shutting down
[20:20:20] NexOS booting. RAM:2048MB HDD:262144MB Cores:8
[20:20:24] Launched 'Clock' PID:14882
[20:20:24] PID:14882 exited
[20:20:27] Launched 'Notepad' PID:14893
[20:20:27] 'Notepad' (PID:14893) granted RAM:50MB HDD:10MB
[20:20:29] Launched 'Notepad' PID:14904
[20:20:29] 'Notepad' (PID:14904) granted RAM:50MB HDD:10MB
[20:20:30] Launched 'Notepad' PID:14911
[20:20:30] 'Notepad' (PID:14911) granted RAM:50MB HDD:10MB
[20:20:39] PID:14911 exited
[20:20:41] PID:14893 exited
[20:20:43] PID:14904 exited
[20:20:47] Launched 'Clock' PID:14976
[20:20:47] PID:14976 exited
[20:29:46] NexOS shutting down
[20:29:57] NexOS booting. RAM:2048MB HDD:262144MB Cores:8
[20:30:01] Launched 'Clock' PID:15947
[20:30:03] PID:15947 exited
[20:30:03] Launched 'Clock' PID:15973
[20:30:05] PID:15973 exited
[20:30:06] Launched 'Clock' PID:15980
[20:30:08] PID:15980 exited
[20:30:09] Launched 'Clock' PID:16007
[20:30:11] PID:16007 exited
[20:30:11] Launched 'Clock' PID:16020
[20:30:13] Launched 'Clock' PID:16070
[20:30:13] PID:16020 exited
[20:30:14] PID:16070 exited
[12:18:05] NexOS booting. RAM:2048MB HDD:262144MB Cores:8
[12:18:09] Launched 'Alarm' PID:8233
[12:18:11] PID:8233 exited
[12:18:14] Launched 'Notepad' PID:8263
[12:18:14] 'Notepad' (PID:8263) granted RAM:50MB HDD:10MB
[12:18:20] Launched 'Alarm' PID:8289
[12:18:21] PID:8289 exited
[12:18:23] Launched 'Alarm' PID:8321
[12:18:25] Launched 'Alarm' PID:8329
[12:18:25] PID:8321 exited
[12:18:26] Launched 'Alarm' PID:8349
[12:18:26] PID:8329 exited
[12:18:27] PID:8349 exited
[12:18:29] Launched 'Alarm' PID:8364
[12:18:30] PID:8364 exited
[12:19:14] Launched 'Alarm' PID:8495
[12:19:15] PID:8495 exited
[12:24:09] NexOS shutting down
[12:24:19] NexOS booting. RAM:2048MB HDD:262144MB Cores:8
[12:24:24] Launched 'Alarm' PID:9045
[12:24:25] PID:9045 exited
[12:24:30] Launched 'Alarm' PID:9083
[12:24:32] PID:9083 exited
[12:24:33] Launched 'Alarm' PID:9097
[12:24:34] PID:9097 exited
[12:24:35] Launched 'Alarm' PID:9116
[12:24:37] PID:9116 exited
[12:24:47] Launched 'Notepad' PID:9175
[12:24:47] 'Notepad' (PID:9175) granted RAM:50MB HDD:10MB
[12:29:40] NexOS booting. RAM:2048MB HDD:262144MB Cores:8
[12:29:44] Launched 'Alarm' PID:9999
[12:29:44] 'Alarm' (PID:9999) granted RAM:20MB HDD:1MB
[12:29:59] Launched 'Notepad' PID:10055
[12:29:59] 'Notepad' (PID:10055) granted RAM:50MB HDD:10MB
[12:31:57] NexOS booting. RAM:2048MB HDD:262144MB Cores:8
[12:32:03] Launched 'Notepad' PID:10309
[12:32:03] 'Notepad' (PID:10309) granted RAM:50MB HDD:10MB
[12:32:06] Launched 'Alarm' PID:10334
[12:32:06] 'Alarm' (PID:10334) granted RAM:20MB HDD:1MB
[12:34:17] PID:10334 exited
[12:34:21] PID:10309 exited
[12:34:25] NexOS shutting down
[12:34:55] NexOS booting. RAM:2048MB HDD:262144MB Cores:8
[12:35:03] Launched 'Notepad' PID:10696
[12:35:03] 'Notepad' (PID:10696) granted RAM:50MB HDD:10MB
[12:35:04] Launched 'Notepad' PID:10717
[12:35:04] 'Notepad' (PID:10717) granted RAM:50MB HDD:10MB
[12:35:16] Launched 'Alarm' PID:10763
[12:35:16] 'Alarm' (PID:10763) granted RAM:20MB HDD:1MB
[12:35:52] Launched 'Alarm' PID:10827
[12:35:52] 'Alarm' (PID:10827) granted RAM:20MB HDD:1MB
[12:36:26] PID:10827 exited
[12:36:28] PID:10763 exited
[12:36:35] PID:10696 exited
[12:36:38] PID:10717 exited
[12:36:41] NexOS shutting down
